<?xml version="1.0" encoding="UTF-8"?>
<testng-results skipped="0" failed="0" ignored="0" total="1" passed="1">
  <reporter-output>
  </reporter-output>
  <suite name="Surefire suite" duration-ms="104070" started-at="2019-05-09T14:45:40Z" finished-at="2019-05-09T14:47:24Z">
    <groups>
    </groups>
    <test name="Surefire test" duration-ms="104070" started-at="2019-05-09T14:45:40Z" finished-at="2019-05-09T14:47:24Z">
      <class name="com.qk.axis.demoForAxisBank.AppTest">
        <test-method status="PASS" signature="f()[pri:0, instance:com.qk.axis.demoForAxisBank.AppTest@6cbe68e9]" name="f" duration-ms="104032" started-at="2019-05-09T14:45:40Z" finished-at="2019-05-09T14:47:24Z">
          <reporter-output>
          </reporter-output>
        </test-method> <!-- f -->
      </class> <!-- com.qk.axis.demoForAxisBank.AppTest -->
    </test> <!-- Surefire test -->
  </suite> <!-- Surefire suite -->
</testng-results>
